<?xml version="1.0" encoding="UTF-8"?>
<testng-results skipped="0" failed="0" ignored="0" total="1" passed="1">
  <reporter-output>
  </reporter-output>
  <suite name="Default suite" duration-ms="37017" started-at="2019-03-20T05:57:23Z" finished-at="2019-03-20T05:58:00Z">
    <groups>
    </groups>
    <test name="Default test" duration-ms="37017" started-at="2019-03-20T05:57:23Z" finished-at="2019-03-20T05:58:00Z">
      <class name="SampleProjects.AutoSuggest">
        <test-method status="PASS" signature="selectValues()[pri:0, instance:SampleProjects.AutoSuggest@90f6bfd]" name="selectValues" duration-ms="36966" started-at="2019-03-20T11:27:23Z" description="Auto Suggest" finished-at="2019-03-20T11:28:00Z">
          <reporter-output>
          </reporter-output>
        </test-method> <!-- selectValues -->
      </class> <!-- SampleProjects.AutoSuggest -->
    </test> <!-- Default test -->
  </suite> <!-- Default suite -->
</testng-results>
